<?xml version="1.0" encoding="UTF-8"?>
<!-- Generated by org.testng.reporters.JUnitReportReporter -->
<testsuite hostname="LAPTOP-092S62NG" failures="0" tests="1" name="testcases.TC02_LoginTest" time="2.173" errors="0" timestamp="2024-11-02T09:03:07 IST" skipped="0">
  <testcase classname="testcases.TC02_LoginTest" name="verifyLoginfunction" time="2.173"/>
  <system-out/>
</testsuite> <!-- testcases.TC02_LoginTest -->
