<?xml version="1.0" encoding="UTF-8"?>
<!-- Generated by org.testng.reporters.JUnitReportReporter -->
<testsuite hostname="LAPTOP-092S62NG" failures="0" tests="1" name="testcases.TC02_LoginTest" time="2.274" errors="0" timestamp="2024-11-03T14:48:00 IST" skipped="0">
  <testcase classname="testcases.TC02_LoginTest" name="verifyLoginfunction" time="2.274"/>
</testsuite> <!-- testcases.TC02_LoginTest -->
