<?xml version="1.0" encoding="UTF-8"?>
<!-- Generated by org.testng.reporters.JUnitReportReporter -->
<testsuite hostname="LAPTOP-092S62NG" failures="0" tests="1" name="testcases.TC01_RegisterUser" time="2.108" errors="0" timestamp="2024-11-03T14:48:00 IST" skipped="0">
  <testcase classname="testcases.TC01_RegisterUser" name="registerusertest" time="2.108"/>
</testsuite> <!-- testcases.TC01_RegisterUser -->
